  Base.cpp
  Poly.cpp
  Symbol.cpp
  SymTable.cpp
  cipher.cpp
  CPostIt.cpp
  CRC32.cpp
  Debug.cpp
  error.cpp
  FileBase.cpp
  FileDir.cpp
  FileLoader.cpp
  lzo.cpp
  MappedFile.cpp
C:\Users\Shadow\Desktop\saphira_v2.3\client_src\extern\include\cryptopp\algparam.h(404,13): warning C4996: 'std::uncaught_exception': warning STL4006: std::uncaught_exception() is deprecated in C++17. It is superseded by std::uncaught_exceptions(), plural. You can define _SILENCE_CXX17_UNCAUGHT_EXCEPTION_DEPRECATION_WARNING or _SILENCE_ALL_CXX17_DEPRECATION_WARNINGS to acknowledge that you have received this warning. (Quelldatei wird kompiliert cipher.cpp)
  Random.cpp
  StdAfx.cpp
  Stl.cpp
  tea.cpp
  TempFile.cpp
  Timer.cpp
  Utils.cpp
C:\Users\Shadow\Desktop\saphira_v2.3\client_src\Client\EterBase\Random.cpp(19,11): warning C5033: "register" ist keine unterstützte Speicherklasse mehr.
C:\Users\Shadow\Desktop\saphira_v2.3\client_src\Client\EterBase\tea.cpp(34,11): warning C5033: "register" ist keine unterstützte Speicherklasse mehr.
C:\Users\Shadow\Desktop\saphira_v2.3\client_src\Client\EterBase\tea.cpp(51,11): warning C5033: "register" ist keine unterstützte Speicherklasse mehr.
C:\Users\Shadow\Desktop\saphira_v2.3\client_src\Client\EterBase\Utils.cpp(393,14): warning C5033: "register" ist keine unterstützte Speicherklasse mehr.
C:\Users\Shadow\Desktop\saphira_v2.3\client_src\Client\EterBase\Utils.cpp(410,14): warning C5033: "register" ist keine unterstützte Speicherklasse mehr.
  eterBase.vcxproj -> C:\Users\Shadow\Desktop\saphira_v2.3\client_src\Client\EterBase\Release\eterBase.lib
