c:\users\alvga\onedrive\escritorio\proyecto andra 2022\client source\client\effectlib\release\effectlib.pch
c:\users\alvga\onedrive\escritorio\proyecto andra 2022\client source\client\effectlib\release\effectlib.pdb
c:\users\alvga\onedrive\escritorio\proyecto andra 2022\client source\client\effectlib\release\stdafx.obj
c:\users\alvga\onedrive\escritorio\proyecto andra 2022\client source\client\effectlib\release\effectelementbaseinstance.obj
c:\users\alvga\onedrive\escritorio\proyecto andra 2022\client source\client\effectlib\release\emitterproperty.obj
c:\users\alvga\onedrive\escritorio\proyecto andra 2022\client source\client\effectlib\release\particleinstance.obj
c:\users\alvga\onedrive\escritorio\proyecto andra 2022\client source\client\effectlib\release\effectmeshinstance.obj
c:\users\alvga\onedrive\escritorio\proyecto andra 2022\client source\client\effectlib\release\simplelightinstance.obj
c:\users\alvga\onedrive\escritorio\proyecto andra 2022\client source\client\effectlib\release\effectmanager.obj
c:\users\alvga\onedrive\escritorio\proyecto andra 2022\client source\client\effectlib\release\effectdata.obj
c:\users\alvga\onedrive\escritorio\proyecto andra 2022\client source\client\effectlib\release\particlesystemdata.obj
c:\users\alvga\onedrive\escritorio\proyecto andra 2022\client source\client\effectlib\release\effectmesh.obj
c:\users\alvga\onedrive\escritorio\proyecto andra 2022\client source\client\effectlib\release\effectupdatedecorator.obj
c:\users\alvga\onedrive\escritorio\proyecto andra 2022\client source\client\effectlib\release\particlesysteminstance.obj
c:\users\alvga\onedrive\escritorio\proyecto andra 2022\client source\client\effectlib\release\effectelementbase.obj
c:\users\alvga\onedrive\escritorio\proyecto andra 2022\client source\client\effectlib\release\framecontroller.obj
c:\users\alvga\onedrive\escritorio\proyecto andra 2022\client source\client\effectlib\release\particleproperty.obj
c:\users\alvga\onedrive\escritorio\proyecto andra 2022\client source\client\effectlib\release\simplelightdata.obj
c:\users\alvga\onedrive\escritorio\proyecto andra 2022\client source\client\effectlib\release\type.obj
c:\users\alvga\onedrive\escritorio\proyecto andra 2022\client source\client\effectlib\release\effectinstance.obj
c:\users\alvga\onedrive\escritorio\proyecto andra 2022\client source\client\effectlib\release\effectlib.lib
c:\users\alvga\onedrive\escritorio\proyecto andra 2022\client source\client\effectlib\release\effectlib.tlog\cl.command.1.tlog
c:\users\alvga\onedrive\escritorio\proyecto andra 2022\client source\client\effectlib\release\effectlib.tlog\cl.read.1.tlog
c:\users\alvga\onedrive\escritorio\proyecto andra 2022\client source\client\effectlib\release\effectlib.tlog\cl.write.1.tlog
c:\users\alvga\onedrive\escritorio\proyecto andra 2022\client source\client\effectlib\release\effectlib.tlog\lib-link.read.1.tlog
c:\users\alvga\onedrive\escritorio\proyecto andra 2022\client source\client\effectlib\release\effectlib.tlog\lib-link.write.1.tlog
c:\users\alvga\onedrive\escritorio\proyecto andra 2022\client source\client\effectlib\release\effectlib.tlog\lib.command.1.tlog
