  StdAfx.cpp
  AttributeData.cpp
  AttributeInstance.cpp
  Camera.cpp
  CollisionData.cpp
  ColorTransitionHelper.cpp
  CRenderTarget.cpp
  CRenderTargetManager.cpp
  CWikiRenderTarget.cpp
  CWikiRenderTargetManager.cpp
  Decal.cpp
  EnvironmentMap.cpp
  FileLoaderThread.cpp
  GrpCollisionObject.cpp
  GrpColor.cpp
  GrpColorInstance.cpp
  GrpD3DXBuffer.cpp
  GrpDIB.cpp
C:\Users\Shadow\Desktop\saphira_v2.3\client_src\Client\eterLib\SkyBox.h(108,2): warning C5208: Eine unbenannte Klasse, die im typedef-Namen verwendet wird, kann keine anderen Member als nicht statische Datenmember, Memberenumerationen oder Memberklassen deklarieren. (Quelldatei wird kompiliert CRenderTarget.cpp)
  GrpIndexBuffer.cpp
  GrpLightManager.cpp
  GrpObjectInstance.cpp
  GrpPixelShader.cpp
C:\Users\Shadow\Desktop\saphira_v2.3\client_src\Client\eterLib\SkyBox.h(108,2): warning C5208: Eine unbenannte Klasse, die im typedef-Namen verwendet wird, kann keine anderen Member als nicht statische Datenmember, Memberenumerationen oder Memberklassen deklarieren. (Quelldatei wird kompiliert CWikiRenderTarget.cpp)
  GrpRatioInstance.cpp
  GrpRenderTargetTexture.cpp
  GrpShadowTexture.cpp
  GrpVertexBuffer.cpp
  GrpVertexBufferDynamic.cpp
  GrpVertexBufferStatic.cpp
  GrpVertexShader.cpp
  GrpWikiRenderTargetTexture.cpp
  Input.cpp
  LensFlare.cpp
  lineintersect_utils.cpp
  MSApplication.cpp
  MSWindow.cpp
  Mutex.cpp
  parser.cpp
  PathStack.cpp
  ReferenceObject.cpp
  ScreenFilter.cpp
  SkyBox.cpp
  TargaResource.cpp
  Thread.cpp
  Util.cpp
C:\Users\Shadow\Desktop\saphira_v2.3\client_src\Client\EterLib\SkyBox.h(108,2): warning C5208: Eine unbenannte Klasse, die im typedef-Namen verwendet wird, kann keine anderen Member als nicht statische Datenmember, Memberenumerationen oder Memberklassen deklarieren. (Quelldatei wird kompiliert SkyBox.cpp)
  CullingManager.cpp
  GrpBase.cpp
  GrpDetector.cpp
  GrpDevice.cpp
  GrpMath.cpp
  GrpScreen.cpp
  JpegFile.cpp
  StateManager.cpp
  Resource.cpp
  ResourceManager.cpp
  GrpExpandedImageInstance.cpp
  GrpImage.cpp
  GrpImageInstance.cpp
  GrpImageTexture.cpp
  GrpMarkInstance.cpp
  GrpSubImage.cpp
  GrpTexture.cpp
  NetAddress.cpp
  NetDatagram.cpp
  NetDatagramReceiver.cpp
  NetDatagramSender.cpp
  NetDevice.cpp
  NetPacketHeaderMap.cpp
  NetStream.cpp
  GrpFontTexture.cpp
  GrpText.cpp
  GrpTextInstance.cpp
  TextTag.cpp
  BlockTexture.cpp
  DibBar.cpp
  TextBar.cpp
  IME.cpp
  TextFileLoader.cpp
C:\Users\Shadow\Desktop\saphira_v2.3\client_src\Client\EterLib\IME.cpp(313,2): warning C4996: 'GetVersionExA': wurde als veraltet deklariert
C:\Users\Shadow\Desktop\saphira_v2.3\client_src\Client\EterLib\IME.cpp(1202,7): warning C4996: 'GetVersionExA': wurde als veraltet deklariert
  eterlib.vcxproj -> C:\Users\Shadow\Desktop\saphira_v2.3\client_src\Client\EterLib\Release\eterlib.lib
