c:\users\alvga\onedrive\escritorio\proyecto andra 2022\client source\client\eterpythonlib\release\eterpythonlib.pch
c:\users\alvga\onedrive\escritorio\proyecto andra 2022\client source\client\eterpythonlib\release\eterpythonlib.pdb
c:\users\alvga\onedrive\escritorio\proyecto andra 2022\client source\client\eterpythonlib\release\stdafx.obj
c:\users\alvga\onedrive\escritorio\proyecto andra 2022\client source\client\eterpythonlib\release\pythonslotwindow.obj
c:\users\alvga\onedrive\escritorio\proyecto andra 2022\client source\client\eterpythonlib\release\pythonwindowmanagermodule.obj
c:\users\alvga\onedrive\escritorio\proyecto andra 2022\client source\client\eterpythonlib\release\pythonwindow.obj
c:\users\alvga\onedrive\escritorio\proyecto andra 2022\client source\client\eterpythonlib\release\pythongridslotwindow.obj
c:\users\alvga\onedrive\escritorio\proyecto andra 2022\client source\client\eterpythonlib\release\pythongraphictextmodule.obj
c:\users\alvga\onedrive\escritorio\proyecto andra 2022\client source\client\eterpythonlib\release\pythongraphic.obj
c:\users\alvga\onedrive\escritorio\proyecto andra 2022\client source\client\eterpythonlib\release\pythonwindowmanager.obj
c:\users\alvga\onedrive\escritorio\proyecto andra 2022\client source\client\eterpythonlib\release\pythongraphicmodule.obj
c:\users\alvga\onedrive\escritorio\proyecto andra 2022\client source\client\eterpythonlib\release\pythongraphicimagemodule.obj
c:\users\alvga\onedrive\escritorio\proyecto andra 2022\client source\client\eterpythonlib\release\pythongraphicthingmodule.obj
c:\users\alvga\onedrive\escritorio\proyecto andra 2022\client source\client\eterpythonlib\release\eterpythonlib.lib
c:\users\alvga\onedrive\escritorio\proyecto andra 2022\client source\client\eterpythonlib\release\eterpythonlib.tlog\cl.command.1.tlog
c:\users\alvga\onedrive\escritorio\proyecto andra 2022\client source\client\eterpythonlib\release\eterpythonlib.tlog\cl.read.1.tlog
c:\users\alvga\onedrive\escritorio\proyecto andra 2022\client source\client\eterpythonlib\release\eterpythonlib.tlog\cl.write.1.tlog
c:\users\alvga\onedrive\escritorio\proyecto andra 2022\client source\client\eterpythonlib\release\eterpythonlib.tlog\lib-link.read.1.tlog
c:\users\alvga\onedrive\escritorio\proyecto andra 2022\client source\client\eterpythonlib\release\eterpythonlib.tlog\lib-link.write.1.tlog
c:\users\alvga\onedrive\escritorio\proyecto andra 2022\client source\client\eterpythonlib\release\eterpythonlib.tlog\lib.command.1.tlog
