c:\users\alvga\onedrive\escritorio\proyecto andra 2022\client source\binary\andra.bsc
c:\users\alvga\onedrive\escritorio\proyecto andra 2022\client source\client\userinterface\release\userinterface.pch
c:\users\alvga\onedrive\escritorio\proyecto andra 2022\client source\client\userinterface\release\andra.pdb
c:\users\alvga\onedrive\escritorio\proyecto andra 2022\client source\client\userinterface\release\stdafx.sbr
c:\users\alvga\onedrive\escritorio\proyecto andra 2022\client source\client\userinterface\release\stdafx.obj
c:\users\alvga\onedrive\escritorio\proyecto andra 2022\client source\client\userinterface\release\cefclientv8extensionhandler.sbr
c:\users\alvga\onedrive\escritorio\proyecto andra 2022\client source\client\userinterface\release\cefclientv8extensionhandler.obj
c:\users\alvga\onedrive\escritorio\proyecto andra 2022\client source\client\userinterface\release\instancebaseevent.sbr
c:\users\alvga\onedrive\escritorio\proyecto andra 2022\client source\client\userinterface\release\instancebaseevent.obj
c:\users\alvga\onedrive\escritorio\proyecto andra 2022\client source\client\userinterface\release\minini.sbr
c:\users\alvga\onedrive\escritorio\proyecto andra 2022\client source\client\userinterface\release\minini.obj
c:\users\alvga\onedrive\escritorio\proyecto andra 2022\client source\client\userinterface\release\pythonacce.sbr
c:\users\alvga\onedrive\escritorio\proyecto andra 2022\client source\client\userinterface\release\pythonacce.obj
c:\users\alvga\onedrive\escritorio\proyecto andra 2022\client source\client\userinterface\release\pythonbackgroundmodule.sbr
c:\users\alvga\onedrive\escritorio\proyecto andra 2022\client source\client\userinterface\release\pythonbackgroundmodule.obj
c:\users\alvga\onedrive\escritorio\proyecto andra 2022\client source\client\userinterface\release\pythoneffectmodule.sbr
c:\users\alvga\onedrive\escritorio\proyecto andra 2022\client source\client\userinterface\release\pythoneffectmodule.obj
c:\users\alvga\onedrive\escritorio\proyecto andra 2022\client source\client\userinterface\release\pythonitem.sbr
c:\users\alvga\onedrive\escritorio\proyecto andra 2022\client source\client\userinterface\release\pythonitem.obj
c:\users\alvga\onedrive\escritorio\proyecto andra 2022\client source\client\userinterface\release\pythonplayerinputmouse.sbr
c:\users\alvga\onedrive\escritorio\proyecto andra 2022\client source\client\userinterface\release\pythonplayerinputmouse.obj
c:\users\alvga\onedrive\escritorio\proyecto andra 2022\client source\client\userinterface\release\pythontexttail.sbr
c:\users\alvga\onedrive\escritorio\proyecto andra 2022\client source\client\userinterface\release\pythontexttail.obj
c:\users\alvga\onedrive\escritorio\proyecto andra 2022\client source\client\userinterface\release\pythonapplicationwebpage.sbr
c:\users\alvga\onedrive\escritorio\proyecto andra 2022\client source\client\userinterface\release\pythonapplicationwebpage.obj
c:\users\alvga\onedrive\escritorio\proyecto andra 2022\client source\client\userinterface\release\pythonnetworkstreamcommand.sbr
c:\users\alvga\onedrive\escritorio\proyecto andra 2022\client source\client\userinterface\release\pythonnetworkstreamcommand.obj
c:\users\alvga\onedrive\escritorio\proyecto andra 2022\client source\client\userinterface\release\serverstatechecker.sbr
c:\users\alvga\onedrive\escritorio\proyecto andra 2022\client source\client\userinterface\release\serverstatechecker.obj
c:\users\alvga\onedrive\escritorio\proyecto andra 2022\client source\client\userinterface\release\serverstatecheckermodule.sbr
c:\users\alvga\onedrive\escritorio\proyecto andra 2022\client source\client\userinterface\release\serverstatecheckermodule.obj
c:\users\alvga\onedrive\escritorio\proyecto andra 2022\client source\client\userinterface\release\ccpuid.sbr
c:\users\alvga\onedrive\escritorio\proyecto andra 2022\client source\client\userinterface\release\ccpuid.obj
c:\users\alvga\onedrive\escritorio\proyecto andra 2022\client source\client\userinterface\release\cnetworkadapter.sbr
c:\users\alvga\onedrive\escritorio\proyecto andra 2022\client source\client\userinterface\release\cnetworkadapter.obj
c:\users\alvga\onedrive\escritorio\proyecto andra 2022\client source\client\userinterface\release\instancebasebattle.sbr
c:\users\alvga\onedrive\escritorio\proyecto andra 2022\client source\client\userinterface\release\instancebasebattle.obj
c:\users\alvga\onedrive\escritorio\proyecto andra 2022\client source\client\userinterface\release\pythoncharactermanager.sbr
c:\users\alvga\onedrive\escritorio\proyecto andra 2022\client source\client\userinterface\release\pythoncharactermanager.obj
c:\users\alvga\onedrive\escritorio\proyecto andra 2022\client source\client\userinterface\release\pythonnetworkstreamofflineshop.sbr
c:\users\alvga\onedrive\escritorio\proyecto andra 2022\client source\client\userinterface\release\pythonnetworkstreamofflineshop.obj
c:\users\alvga\onedrive\escritorio\proyecto andra 2022\client source\client\userinterface\release\pythonplayerinput.sbr
c:\users\alvga\onedrive\escritorio\proyecto andra 2022\client source\client\userinterface\release\pythonplayerinput.obj
c:\users\alvga\onedrive\escritorio\proyecto andra 2022\client source\client\userinterface\release\pythonminimapmodule.sbr
c:\users\alvga\onedrive\escritorio\proyecto andra 2022\client source\client\userinterface\release\pythonminimapmodule.obj
c:\users\alvga\onedrive\escritorio\proyecto andra 2022\client source\client\userinterface\release\pythonpackmodule.sbr
c:\users\alvga\onedrive\escritorio\proyecto andra 2022\client source\client\userinterface\release\pythonpackmodule.obj
c:\users\alvga\onedrive\escritorio\proyecto andra 2022\client source\client\userinterface\release\pythonapplicationmodule.sbr
c:\users\alvga\onedrive\escritorio\proyecto andra 2022\client source\client\userinterface\release\pythonapplicationmodule.obj
c:\users\alvga\onedrive\escritorio\proyecto andra 2022\client source\client\userinterface\release\guildmarkdownloader.sbr
c:\users\alvga\onedrive\escritorio\proyecto andra 2022\client source\client\userinterface\release\guildmarkdownloader.obj
c:\users\alvga\onedrive\escritorio\proyecto andra 2022\client source\client\userinterface\release\insultchecker.sbr
c:\users\alvga\onedrive\escritorio\proyecto andra 2022\client source\client\userinterface\release\insultchecker.obj
c:\users\alvga\onedrive\escritorio\proyecto andra 2022\client source\client\userinterface\release\processcrc.sbr
c:\users\alvga\onedrive\escritorio\proyecto andra 2022\client source\client\userinterface\release\processcrc.obj
c:\users\alvga\onedrive\escritorio\proyecto andra 2022\client source\client\userinterface\release\pythonexceptionsender.sbr
c:\users\alvga\onedrive\escritorio\proyecto andra 2022\client source\client\userinterface\release\pythonexceptionsender.obj
c:\users\alvga\onedrive\escritorio\proyecto andra 2022\client source\client\userinterface\release\pythonnetworkdatagram.sbr
c:\users\alvga\onedrive\escritorio\proyecto andra 2022\client source\client\userinterface\release\pythonnetworkdatagram.obj
c:\users\alvga\onedrive\escritorio\proyecto andra 2022\client source\client\userinterface\release\pythonnetworkdatagrammodule.sbr
c:\users\alvga\onedrive\escritorio\proyecto andra 2022\client source\client\userinterface\release\pythonnetworkdatagrammodule.obj
c:\users\alvga\onedrive\escritorio\proyecto andra 2022\client source\client\userinterface\release\pythonnetworkstream.sbr
c:\users\alvga\onedrive\escritorio\proyecto andra 2022\client source\client\userinterface\release\pythonnetworkstream.obj
c:\users\alvga\onedrive\escritorio\proyecto andra 2022\client source\client\userinterface\release\pythonnetworkstreamphaseloading.sbr
c:\users\alvga\onedrive\escritorio\proyecto andra 2022\client source\client\userinterface\release\pythonnetworkstreamphaseloading.obj
c:\users\alvga\onedrive\escritorio\proyecto andra 2022\client source\client\userinterface\release\checklatestfiles.sbr
c:\users\alvga\onedrive\escritorio\proyecto andra 2022\client source\client\userinterface\release\checklatestfiles.obj
c:\users\alvga\onedrive\escritorio\proyecto andra 2022\client source\client\userinterface\release\gametype.sbr
c:\users\alvga\onedrive\escritorio\proyecto andra 2022\client source\client\userinterface\release\gametype.obj
c:\users\alvga\onedrive\escritorio\proyecto andra 2022\client source\client\userinterface\release\cefclientapp.sbr
c:\users\alvga\onedrive\escritorio\proyecto andra 2022\client source\client\userinterface\release\cefclientapp.obj
c:\users\alvga\onedrive\escritorio\proyecto andra 2022\client source\client\userinterface\release\instancebasemovement.sbr
c:\users\alvga\onedrive\escritorio\proyecto andra 2022\client source\client\userinterface\release\instancebasemovement.obj
c:\users\alvga\onedrive\escritorio\proyecto andra 2022\client source\client\userinterface\release\pythoncharactermanagermodule.sbr
c:\users\alvga\onedrive\escritorio\proyecto andra 2022\client source\client\userinterface\release\pythoncharactermanagermodule.obj
c:\users\alvga\onedrive\escritorio\proyecto andra 2022\client source\client\userinterface\release\pythonitemmodule.sbr
c:\users\alvga\onedrive\escritorio\proyecto andra 2022\client source\client\userinterface\release\pythonitemmodule.obj
c:\users\alvga\onedrive\escritorio\proyecto andra 2022\client source\client\userinterface\release\pythonplayermodule.sbr
c:\users\alvga\onedrive\escritorio\proyecto andra 2022\client source\client\userinterface\release\pythonplayermodule.obj
c:\users\alvga\onedrive\escritorio\proyecto andra 2022\client source\client\userinterface\release\pythonswitchbot.sbr
c:\users\alvga\onedrive\escritorio\proyecto andra 2022\client source\client\userinterface\release\pythonswitchbot.obj
c:\users\alvga\onedrive\escritorio\proyecto andra 2022\client source\client\userinterface\release\pythonapplicationcursor.sbr
c:\users\alvga\onedrive\escritorio\proyecto andra 2022\client source\client\userinterface\release\pythonapplicationcursor.obj
c:\users\alvga\onedrive\escritorio\proyecto andra 2022\client source\client\userinterface\release\pythonime.sbr
c:\users\alvga\onedrive\escritorio\proyecto andra 2022\client source\client\userinterface\release\pythonime.obj
c:\users\alvga\onedrive\escritorio\proyecto andra 2022\client source\client\userinterface\release\pythonimemodule.sbr
c:\users\alvga\onedrive\escritorio\proyecto andra 2022\client source\client\userinterface\release\pythonimemodule.obj
c:\users\alvga\onedrive\escritorio\proyecto andra 2022\client source\client\userinterface\release\pythonnetworkstreamphasegame.sbr
c:\users\alvga\onedrive\escritorio\proyecto andra 2022\client source\client\userinterface\release\pythonnetworkstreamphasegame.obj
c:\users\alvga\onedrive\escritorio\proyecto andra 2022\client source\client\userinterface\release\userinterface.sbr
c:\users\alvga\onedrive\escritorio\proyecto andra 2022\client source\client\userinterface\release\userinterface.obj
c:\users\alvga\onedrive\escritorio\proyecto andra 2022\client source\client\userinterface\release\affectflagcontainer.sbr
c:\users\alvga\onedrive\escritorio\proyecto andra 2022\client source\client\userinterface\release\affectflagcontainer.obj
c:\users\alvga\onedrive\escritorio\proyecto andra 2022\client source\client\userinterface\release\cefwebbrowser.sbr
c:\users\alvga\onedrive\escritorio\proyecto andra 2022\client source\client\userinterface\release\cefwebbrowser.obj
c:\users\alvga\onedrive\escritorio\proyecto andra 2022\client source\client\userinterface\release\instancebaseeffect.sbr
c:\users\alvga\onedrive\escritorio\proyecto andra 2022\client source\client\userinterface\release\instancebaseeffect.obj
c:\users\alvga\onedrive\escritorio\proyecto andra 2022\client source\client\userinterface\release\pythonbackground.sbr
c:\users\alvga\onedrive\escritorio\proyecto andra 2022\client source\client\userinterface\release\pythonbackground.obj
c:\users\alvga\onedrive\escritorio\proyecto andra 2022\client source\client\userinterface\release\pythonnonplayermodule.sbr
c:\users\alvga\onedrive\escritorio\proyecto andra 2022\client source\client\userinterface\release\pythonnonplayermodule.obj
c:\users\alvga\onedrive\escritorio\proyecto andra 2022\client source\client\userinterface\release\pythonplayer.sbr
c:\users\alvga\onedrive\escritorio\proyecto andra 2022\client source\client\userinterface\release\pythonplayer.obj
c:\users\alvga\onedrive\escritorio\proyecto andra 2022\client source\client\userinterface\release\pythonflymodule.sbr
c:\users\alvga\onedrive\escritorio\proyecto andra 2022\client source\client\userinterface\release\pythonflymodule.obj
c:\users\alvga\onedrive\escritorio\proyecto andra 2022\client source\client\userinterface\release\pythonmessenger.sbr
c:\users\alvga\onedrive\escritorio\proyecto andra 2022\client source\client\userinterface\release\pythonmessenger.obj
c:\users\alvga\onedrive\escritorio\proyecto andra 2022\client source\client\userinterface\release\pythonminimap.sbr
c:\users\alvga\onedrive\escritorio\proyecto andra 2022\client source\client\userinterface\release\pythonminimap.obj
c:\users\alvga\onedrive\escritorio\proyecto andra 2022\client source\client\userinterface\release\pythonapplicationprocedure.sbr
c:\users\alvga\onedrive\escritorio\proyecto andra 2022\client source\client\userinterface\release\pythonapplicationprocedure.obj
c:\users\alvga\onedrive\escritorio\proyecto andra 2022\client source\client\userinterface\release\markimage.sbr
c:\users\alvga\onedrive\escritorio\proyecto andra 2022\client source\client\userinterface\release\markimage.obj
c:\users\alvga\onedrive\escritorio\proyecto andra 2022\client source\client\userinterface\release\locale.sbr
c:\users\alvga\onedrive\escritorio\proyecto andra 2022\client source\client\userinterface\release\locale.obj
c:\users\alvga\onedrive\escritorio\proyecto andra 2022\client source\client\userinterface\release\pythonnetworkstreamphaseselect.sbr
c:\users\alvga\onedrive\escritorio\proyecto andra 2022\client source\client\userinterface\release\pythonnetworkstreamphaseselect.obj
c:\users\alvga\onedrive\escritorio\proyecto andra 2022\client source\client\userinterface\release\pythonwikirendertarget.sbr
c:\users\alvga\onedrive\escritorio\proyecto andra 2022\client source\client\userinterface\release\pythonwikirendertarget.obj
c:\users\alvga\onedrive\escritorio\proyecto andra 2022\client source\client\userinterface\release\chwidmanager.sbr
c:\users\alvga\onedrive\escritorio\proyecto andra 2022\client source\client\userinterface\release\chwidmanager.obj
c:\users\alvga\onedrive\escritorio\proyecto andra 2022\client source\client\userinterface\release\cpythonrendertargetmodule.sbr
c:\users\alvga\onedrive\escritorio\proyecto andra 2022\client source\client\userinterface\release\cpythonrendertargetmodule.obj
c:\users\alvga\onedrive\escritorio\proyecto andra 2022\client source\client\userinterface\release\pythoneventmanagermoudle.sbr
c:\users\alvga\onedrive\escritorio\proyecto andra 2022\client source\client\userinterface\release\pythoneventmanagermoudle.obj
c:\users\alvga\onedrive\escritorio\proyecto andra 2022\client source\client\userinterface\release\pythonnonplayer.sbr
c:\users\alvga\onedrive\escritorio\proyecto andra 2022\client source\client\userinterface\release\pythonnonplayer.obj
c:\users\alvga\onedrive\escritorio\proyecto andra 2022\client source\client\userinterface\release\pythonrootlibmanager.sbr
c:\users\alvga\onedrive\escritorio\proyecto andra 2022\client source\client\userinterface\release\pythonrootlibmanager.obj
c:\users\alvga\onedrive\escritorio\proyecto andra 2022\client source\client\userinterface\release\pythonchatmodule.sbr
c:\users\alvga\onedrive\escritorio\proyecto andra 2022\client source\client\userinterface\release\pythonchatmodule.obj
c:\users\alvga\onedrive\escritorio\proyecto andra 2022\client source\client\userinterface\release\processscanner.sbr
c:\users\alvga\onedrive\escritorio\proyecto andra 2022\client source\client\userinterface\release\processscanner.obj
c:\users\alvga\onedrive\escritorio\proyecto andra 2022\client source\client\userinterface\release\pythonapplicationcamera.sbr
c:\users\alvga\onedrive\escritorio\proyecto andra 2022\client source\client\userinterface\release\pythonapplicationcamera.obj
c:\users\alvga\onedrive\escritorio\proyecto andra 2022\client source\client\userinterface\release\pythonprofilermodule.sbr
c:\users\alvga\onedrive\escritorio\proyecto andra 2022\client source\client\userinterface\release\pythonprofilermodule.obj
c:\users\alvga\onedrive\escritorio\proyecto andra 2022\client source\client\userinterface\release\pythonsoundmanagermodule.sbr
c:\users\alvga\onedrive\escritorio\proyecto andra 2022\client source\client\userinterface\release\pythonsoundmanagermodule.obj
c:\users\alvga\onedrive\escritorio\proyecto andra 2022\client source\client\userinterface\release\pythonnetworkstreamphasegameactor.sbr
c:\users\alvga\onedrive\escritorio\proyecto andra 2022\client source\client\userinterface\release\pythonnetworkstreamphasegameactor.obj
c:\users\alvga\onedrive\escritorio\proyecto andra 2022\client source\client\userinterface\release\texttrans.sbr
c:\users\alvga\onedrive\escritorio\proyecto andra 2022\client source\client\userinterface\release\texttrans.obj
c:\users\alvga\onedrive\escritorio\proyecto andra 2022\client source\client\userinterface\release\cefclienthandler.sbr
c:\users\alvga\onedrive\escritorio\proyecto andra 2022\client source\client\userinterface\release\cefclienthandler.obj
c:\users\alvga\onedrive\escritorio\proyecto andra 2022\client source\client\userinterface\release\instancebasemotion.sbr
c:\users\alvga\onedrive\escritorio\proyecto andra 2022\client source\client\userinterface\release\instancebasemotion.obj
c:\users\alvga\onedrive\escritorio\proyecto andra 2022\client source\client\userinterface\release\cameraprocedure.sbr
c:\users\alvga\onedrive\escritorio\proyecto andra 2022\client source\client\userinterface\release\cameraprocedure.obj
c:\users\alvga\onedrive\escritorio\proyecto andra 2022\client source\client\userinterface\release\pythoncharactermodule.sbr
c:\users\alvga\onedrive\escritorio\proyecto andra 2022\client source\client\userinterface\release\pythoncharactermodule.obj
c:\users\alvga\onedrive\escritorio\proyecto andra 2022\client source\client\userinterface\release\pythongameeventmanagermodule.sbr
c:\users\alvga\onedrive\escritorio\proyecto andra 2022\client source\client\userinterface\release\pythongameeventmanagermodule.obj
c:\users\alvga\onedrive\escritorio\proyecto andra 2022\client source\client\userinterface\release\pythonofflineshop.sbr
c:\users\alvga\onedrive\escritorio\proyecto andra 2022\client source\client\userinterface\release\pythonofflineshop.obj
c:\users\alvga\onedrive\escritorio\proyecto andra 2022\client source\client\userinterface\release\pythonquest.sbr
c:\users\alvga\onedrive\escritorio\proyecto andra 2022\client source\client\userinterface\release\pythonquest.obj
c:\users\alvga\onedrive\escritorio\proyecto andra 2022\client source\client\userinterface\release\pythonskill.sbr
c:\users\alvga\onedrive\escritorio\proyecto andra 2022\client source\client\userinterface\release\pythonskill.obj
c:\users\alvga\onedrive\escritorio\proyecto andra 2022\client source\client\userinterface\release\pythonshop.sbr
c:\users\alvga\onedrive\escritorio\proyecto andra 2022\client source\client\userinterface\release\pythonshop.obj
c:\users\alvga\onedrive\escritorio\proyecto andra 2022\client source\client\userinterface\release\pythontexttailmodule.sbr
c:\users\alvga\onedrive\escritorio\proyecto andra 2022\client source\client\userinterface\release\pythontexttailmodule.obj
c:\users\alvga\onedrive\escritorio\proyecto andra 2022\client source\client\userinterface\release\pythonapplicationevent.sbr
c:\users\alvga\onedrive\escritorio\proyecto andra 2022\client source\client\userinterface\release\pythonapplicationevent.obj
c:\users\alvga\onedrive\escritorio\proyecto andra 2022\client source\client\userinterface\release\pythonsystemmodule.sbr
c:\users\alvga\onedrive\escritorio\proyecto andra 2022\client source\client\userinterface\release\pythonsystemmodule.obj
c:\users\alvga\onedrive\escritorio\proyecto andra 2022\client source\client\userinterface\release\accountconnector.sbr
c:\users\alvga\onedrive\escritorio\proyecto andra 2022\client source\client\userinterface\release\accountconnector.obj
c:\users\alvga\onedrive\escritorio\proyecto andra 2022\client source\client\userinterface\release\pythonnetworkstreamevent.sbr
c:\users\alvga\onedrive\escritorio\proyecto andra 2022\client source\client\userinterface\release\pythonnetworkstreamevent.obj
c:\users\alvga\onedrive\escritorio\proyecto andra 2022\client source\client\userinterface\release\pythonnetworkstreamphasegameitem.sbr
c:\users\alvga\onedrive\escritorio\proyecto andra 2022\client source\client\userinterface\release\pythonnetworkstreamphasegameitem.obj
c:\users\alvga\onedrive\escritorio\proyecto andra 2022\client source\client\userinterface\release\pythonwikimodule.sbr
c:\users\alvga\onedrive\escritorio\proyecto andra 2022\client source\client\userinterface\release\pythonwikimodule.obj
c:\users\alvga\onedrive\escritorio\proyecto andra 2022\client source\client\userinterface\release\cmacaddr.sbr
c:\users\alvga\onedrive\escritorio\proyecto andra 2022\client source\client\userinterface\release\cmacaddr.obj
c:\users\alvga\onedrive\escritorio\proyecto andra 2022\client source\client\userinterface\release\cmachineguid.sbr
c:\users\alvga\onedrive\escritorio\proyecto andra 2022\client source\client\userinterface\release\cmachineguid.obj
c:\users\alvga\onedrive\escritorio\proyecto andra 2022\client source\client\userinterface\release\instancebase.sbr
c:\users\alvga\onedrive\escritorio\proyecto andra 2022\client source\client\userinterface\release\instancebase.obj
c:\users\alvga\onedrive\escritorio\proyecto andra 2022\client source\client\userinterface\release\pythonconfig.sbr
c:\users\alvga\onedrive\escritorio\proyecto andra 2022\client source\client\userinterface\release\pythonconfig.obj
c:\users\alvga\onedrive\escritorio\proyecto andra 2022\client source\client\userinterface\release\pythonconfigmodule.sbr
c:\users\alvga\onedrive\escritorio\proyecto andra 2022\client source\client\userinterface\release\pythonconfigmodule.obj
c:\users\alvga\onedrive\escritorio\proyecto andra 2022\client source\client\userinterface\release\pythonplayereventhandler.sbr
c:\users\alvga\onedrive\escritorio\proyecto andra 2022\client source\client\userinterface\release\pythonplayereventhandler.obj
c:\users\alvga\onedrive\escritorio\proyecto andra 2022\client source\client\userinterface\release\pythonplayerskill.sbr
c:\users\alvga\onedrive\escritorio\proyecto andra 2022\client source\client\userinterface\release\pythonplayerskill.obj
c:\users\alvga\onedrive\escritorio\proyecto andra 2022\client source\client\userinterface\release\pythonexchange.sbr
c:\users\alvga\onedrive\escritorio\proyecto andra 2022\client source\client\userinterface\release\pythonexchange.obj
c:\users\alvga\onedrive\escritorio\proyecto andra 2022\client source\client\userinterface\release\pythonexchangemodule.sbr
c:\users\alvga\onedrive\escritorio\proyecto andra 2022\client source\client\userinterface\release\pythonexchangemodule.obj
c:\users\alvga\onedrive\escritorio\proyecto andra 2022\client source\client\userinterface\release\pythonguild.sbr
c:\users\alvga\onedrive\escritorio\proyecto andra 2022\client source\client\userinterface\release\pythonguild.obj
c:\users\alvga\onedrive\escritorio\proyecto andra 2022\client source\client\userinterface\release\pythonsafebox.sbr
c:\users\alvga\onedrive\escritorio\proyecto andra 2022\client source\client\userinterface\release\pythonsafebox.obj
c:\users\alvga\onedrive\escritorio\proyecto andra 2022\client source\client\userinterface\release\pythonskillpet.sbr
c:\users\alvga\onedrive\escritorio\proyecto andra 2022\client source\client\userinterface\release\pythonskillpet.obj
c:\users\alvga\onedrive\escritorio\proyecto andra 2022\client source\client\userinterface\release\pythonapplicationlogo.sbr
c:\users\alvga\onedrive\escritorio\proyecto andra 2022\client source\client\userinterface\release\pythonapplicationlogo.obj
c:\users\alvga\onedrive\escritorio\proyecto andra 2022\client source\client\userinterface\release\guildmarkuploader.sbr
c:\users\alvga\onedrive\escritorio\proyecto andra 2022\client source\client\userinterface\release\guildmarkuploader.obj
c:\users\alvga\onedrive\escritorio\proyecto andra 2022\client source\client\userinterface\release\markmanager.sbr
c:\users\alvga\onedrive\escritorio\proyecto andra 2022\client source\client\userinterface\release\markmanager.obj
c:\users\alvga\onedrive\escritorio\proyecto andra 2022\client source\client\userinterface\release\networkactormanager.sbr
c:\users\alvga\onedrive\escritorio\proyecto andra 2022\client source\client\userinterface\release\networkactormanager.obj
c:\users\alvga\onedrive\escritorio\proyecto andra 2022\client source\client\userinterface\release\pythonnetworkstreammodule.sbr
c:\users\alvga\onedrive\escritorio\proyecto andra 2022\client source\client\userinterface\release\pythonnetworkstreammodule.obj
c:\users\alvga\onedrive\escritorio\proyecto andra 2022\client source\client\userinterface\release\pythonnetworkstreamphaselogin.sbr
c:\users\alvga\onedrive\escritorio\proyecto andra 2022\client source\client\userinterface\release\pythonnetworkstreamphaselogin.obj
c:\users\alvga\onedrive\escritorio\proyecto andra 2022\client source\client\userinterface\release\pythonnetworkstreamphaseoffline.sbr
c:\users\alvga\onedrive\escritorio\proyecto andra 2022\client source\client\userinterface\release\pythonnetworkstreamphaseoffline.obj
c:\users\alvga\onedrive\escritorio\proyecto andra 2022\client source\client\userinterface\release\chdddata.sbr
c:\users\alvga\onedrive\escritorio\proyecto andra 2022\client source\client\userinterface\release\chdddata.obj
c:\users\alvga\onedrive\escritorio\proyecto andra 2022\client source\client\userinterface\release\htsdk.sbr
c:\users\alvga\onedrive\escritorio\proyecto andra 2022\client source\client\userinterface\release\htsdk.obj
c:\users\alvga\onedrive\escritorio\proyecto andra 2022\client source\client\userinterface\release\instancebasetransform.sbr
c:\users\alvga\onedrive\escritorio\proyecto andra 2022\client source\client\userinterface\release\instancebasetransform.obj
c:\users\alvga\onedrive\escritorio\proyecto andra 2022\client source\client\userinterface\release\pythoncuberenewal.sbr
c:\users\alvga\onedrive\escritorio\proyecto andra 2022\client source\client\userinterface\release\pythoncuberenewal.obj
c:\users\alvga\onedrive\escritorio\proyecto andra 2022\client source\client\userinterface\release\pythoneventmanager.sbr
c:\users\alvga\onedrive\escritorio\proyecto andra 2022\client source\client\userinterface\release\pythoneventmanager.obj
c:\users\alvga\onedrive\escritorio\proyecto andra 2022\client source\client\userinterface\release\pythonplayerinputkeyboard.sbr
c:\users\alvga\onedrive\escritorio\proyecto andra 2022\client source\client\userinterface\release\pythonplayerinputkeyboard.obj
c:\users\alvga\onedrive\escritorio\proyecto andra 2022\client source\client\userinterface\release\pythonchat.sbr
c:\users\alvga\onedrive\escritorio\proyecto andra 2022\client source\client\userinterface\release\pythonchat.obj
c:\users\alvga\onedrive\escritorio\proyecto andra 2022\client source\client\userinterface\release\pythonapplication.sbr
c:\users\alvga\onedrive\escritorio\proyecto andra 2022\client source\client\userinterface\release\pythonapplication.obj
c:\users\alvga\onedrive\escritorio\proyecto andra 2022\client source\client\userinterface\release\pythonsystem.sbr
c:\users\alvga\onedrive\escritorio\proyecto andra 2022\client source\client\userinterface\release\pythonsystem.obj
c:\users\alvga\onedrive\escritorio\proyecto andra 2022\client source\client\userinterface\release\pythonnetworkstreamphasehandshake.sbr
c:\users\alvga\onedrive\escritorio\proyecto andra 2022\client source\client\userinterface\release\pythonnetworkstreamphasehandshake.obj
c:\users\alvga\onedrive\escritorio\proyecto andra 2022\client source\client\userinterface\release\movieman.sbr
c:\users\alvga\onedrive\escritorio\proyecto andra 2022\client source\client\userinterface\release\movieman.obj
c:\users\alvga\onedrive\escritorio\proyecto andra 2022\client source\binary\concrt140.dll
c:\users\alvga\onedrive\escritorio\proyecto andra 2022\client source\binary\msvcp140.dll
c:\users\alvga\onedrive\escritorio\proyecto andra 2022\client source\binary\msvcp140_1.dll
c:\users\alvga\onedrive\escritorio\proyecto andra 2022\client source\binary\msvcp140_2.dll
c:\users\alvga\onedrive\escritorio\proyecto andra 2022\client source\binary\msvcp140_atomic_wait.dll
c:\users\alvga\onedrive\escritorio\proyecto andra 2022\client source\binary\msvcp140_codecvt_ids.dll
c:\users\alvga\onedrive\escritorio\proyecto andra 2022\client source\binary\vccorlib140.dll
c:\users\alvga\onedrive\escritorio\proyecto andra 2022\client source\binary\vcruntime140.dll
c:\users\alvga\onedrive\escritorio\proyecto andra 2022\client source\binary\vcamp140.dll
c:\users\alvga\onedrive\escritorio\proyecto andra 2022\client source\binary\mfc140chs.dll
c:\users\alvga\onedrive\escritorio\proyecto andra 2022\client source\binary\mfc140cht.dll
c:\users\alvga\onedrive\escritorio\proyecto andra 2022\client source\binary\mfc140deu.dll
c:\users\alvga\onedrive\escritorio\proyecto andra 2022\client source\binary\mfc140enu.dll
c:\users\alvga\onedrive\escritorio\proyecto andra 2022\client source\binary\mfc140esn.dll
c:\users\alvga\onedrive\escritorio\proyecto andra 2022\client source\binary\mfc140fra.dll
c:\users\alvga\onedrive\escritorio\proyecto andra 2022\client source\binary\mfc140ita.dll
c:\users\alvga\onedrive\escritorio\proyecto andra 2022\client source\binary\mfc140jpn.dll
c:\users\alvga\onedrive\escritorio\proyecto andra 2022\client source\binary\mfc140kor.dll
c:\users\alvga\onedrive\escritorio\proyecto andra 2022\client source\binary\mfc140rus.dll
c:\users\alvga\onedrive\escritorio\proyecto andra 2022\client source\binary\mfc140.dll
c:\users\alvga\onedrive\escritorio\proyecto andra 2022\client source\binary\mfc140u.dll
c:\users\alvga\onedrive\escritorio\proyecto andra 2022\client source\binary\mfcm140.dll
c:\users\alvga\onedrive\escritorio\proyecto andra 2022\client source\binary\mfcm140u.dll
c:\users\alvga\onedrive\escritorio\proyecto andra 2022\client source\binary\vcomp140.dll
c:\users\alvga\onedrive\escritorio\proyecto andra 2022\client source\binary\andra.exe
c:\users\alvga\onedrive\escritorio\proyecto andra 2022\client source\binary\andra.map
c:\users\alvga\onedrive\escritorio\proyecto andra 2022\client source\binary\andra.pdb
c:\users\alvga\onedrive\escritorio\proyecto andra 2022\client source\client\userinterface\release\userinterface.res
c:\users\alvga\onedrive\escritorio\proyecto andra 2022\client source\binary\andra.lib
c:\users\alvga\onedrive\escritorio\proyecto andra 2022\client source\binary\andra.exp
c:\users\alvga\onedrive\escritorio\proyecto andra 2022\client source\client\userinterface\release\userinterface.tlog\bscmake.command.1.tlog
c:\users\alvga\onedrive\escritorio\proyecto andra 2022\client source\client\userinterface\release\userinterface.tlog\bscmake.read.1.tlog
c:\users\alvga\onedrive\escritorio\proyecto andra 2022\client source\client\userinterface\release\userinterface.tlog\bscmake.write.1.tlog
c:\users\alvga\onedrive\escritorio\proyecto andra 2022\client source\client\userinterface\release\userinterface.tlog\cl.command.1.tlog
c:\users\alvga\onedrive\escritorio\proyecto andra 2022\client source\client\userinterface\release\userinterface.tlog\cl.read.1.tlog
c:\users\alvga\onedrive\escritorio\proyecto andra 2022\client source\client\userinterface\release\userinterface.tlog\cl.write.1.tlog
c:\users\alvga\onedrive\escritorio\proyecto andra 2022\client source\client\userinterface\release\userinterface.tlog\copylocal.read.1u.tlog
c:\users\alvga\onedrive\escritorio\proyecto andra 2022\client source\client\userinterface\release\userinterface.tlog\copylocal.write.1u.tlog
c:\users\alvga\onedrive\escritorio\proyecto andra 2022\client source\client\userinterface\release\userinterface.tlog\link.command.1.tlog
c:\users\alvga\onedrive\escritorio\proyecto andra 2022\client source\client\userinterface\release\userinterface.tlog\link.read.1.tlog
c:\users\alvga\onedrive\escritorio\proyecto andra 2022\client source\client\userinterface\release\userinterface.tlog\link.write.1.tlog
c:\users\alvga\onedrive\escritorio\proyecto andra 2022\client source\client\userinterface\release\userinterface.tlog\rc.command.1.tlog
c:\users\alvga\onedrive\escritorio\proyecto andra 2022\client source\client\userinterface\release\userinterface.tlog\rc.read.1.tlog
c:\users\alvga\onedrive\escritorio\proyecto andra 2022\client source\client\userinterface\release\userinterface.tlog\rc.write.1.tlog
c:\users\alvga\onedrive\escritorio\proyecto andra 2022\client source\client\userinterface\release\userinterface.tlog\userinterface.write.1u.tlog
